0 info it worked if it ends with ok
1 verbose cli [ '/usr/bin/nodejs', '/usr/bin/npm', 'run', 'dev' ]
2 info using npm@3.5.2
3 info using node@v4.2.6
4 verbose run-script [ 'predev', 'dev', 'postdev' ]
5 info lifecycle premium-gutenberg@1.5.8~predev: premium-gutenberg@1.5.8
6 silly lifecycle premium-gutenberg@1.5.8~predev: no script for predev, continuing
7 info lifecycle premium-gutenberg@1.5.8~dev: premium-gutenberg@1.5.8
8 verbose lifecycle premium-gutenberg@1.5.8~dev: unsafe-perm in lifecycle true
9 verbose lifecycle premium-gutenberg@1.5.8~dev: PATH: /usr/share/npm/bin/node-gyp-bin:/opt/lampp/htdocs/wordpress3/wp-content/plugins/p-blocks-for-gutenberg/node_modules/.bin:/usr/local/sbin:/usr/local/bin:/usr/sbin:/usr/bin:/sbin:/bin:/usr/games:/usr/local/games:/opt/lampp/bin:/snap/bin
10 verbose lifecycle premium-gutenberg@1.5.8~dev: CWD: /opt/lampp/htdocs/wordpress3/wp-content/plugins/p-blocks-for-gutenberg
11 silly lifecycle premium-gutenberg@1.5.8~dev: Args: [ '-c',
11 silly lifecycle   'cross-env NODE_ENV=development webpack --progress --hide-modules -w' ]
12 info lifecycle premium-gutenberg@1.5.8~dev: Failed to exec dev script
13 verbose stack Error: premium-gutenberg@1.5.8 dev: `cross-env NODE_ENV=development webpack --progress --hide-modules -w`
13 verbose stack spawn ENOENT
13 verbose stack     at ChildProcess.<anonymous> (/usr/share/npm/lib/utils/spawn.js:17:16)
13 verbose stack     at emitTwo (events.js:87:13)
13 verbose stack     at ChildProcess.emit (events.js:172:7)
13 verbose stack     at maybeClose (internal/child_process.js:821:16)
13 verbose stack     at Process.ChildProcess._handle.onexit (internal/child_process.js:211:5)
14 verbose pkgid premium-gutenberg@1.5.8
15 verbose cwd /opt/lampp/htdocs/wordpress3/wp-content/plugins/p-blocks-for-gutenberg
16 error Linux 4.4.0-157-generic
17 error argv "/usr/bin/nodejs" "/usr/bin/npm" "run" "dev"
18 error node v4.2.6
19 error npm  v3.5.2
20 error file sh
21 error code ELIFECYCLE
22 error errno ENOENT
23 error syscall spawn
24 error premium-gutenberg@1.5.8 dev: `cross-env NODE_ENV=development webpack --progress --hide-modules -w`
24 error spawn ENOENT
25 error Failed at the premium-gutenberg@1.5.8 dev script 'cross-env NODE_ENV=development webpack --progress --hide-modules -w'.
25 error Make sure you have the latest version of node.js and npm installed.
25 error If you do, this is most likely a problem with the premium-gutenberg package,
25 error not with npm itself.
25 error Tell the author that this fails on your system:
25 error     cross-env NODE_ENV=development webpack --progress --hide-modules -w
25 error You can get information on how to open an issue for this project with:
25 error     npm bugs premium-gutenberg
25 error Or if that isn't available, you can get their info via:
25 error     npm owner ls premium-gutenberg
25 error There is likely additional logging output above.
26 verbose exit [ 1, true ]
